<?xml version="1.0" encoding="UTF-8"?>
<!-- Generated by org.testng.reporters.JUnitReportReporter -->
<testsuite hostname="LAPTOP-CN99618G" failures="0" tests="6" name="Helpermethod.Innovationcount" time="25.853" errors="0" timestamp="2024-03-10T13:04:58 IST" skipped="0">
  <testcase classname="Helpermethod.Innovationcount" name="flipcart1" time="5.685"/>
  <system-out>
    <![CDATA[flipcart1]]>
  </system-out>
  <testcase classname="Helpermethod.Innovationcount" name="flipcart" time="3.613"/>
  <system-out>
    <![CDATA[flipcart]]>
  </system-out>
  <testcase classname="Helpermethod.Innovationcount" name="redbus" time="4.130"/>
  <system-out>
    <![CDATA[redbus]]>
  </system-out>
  <testcase classname="Helpermethod.Innovationcount" name="demo" time="4.012"/>
  <system-out>
    <![CDATA[demo]]>
  </system-out>
  <testcase classname="Helpermethod.Innovationcount" name="demo" time="4.450"/>
  <system-out>
    <![CDATA[demo]]>
  </system-out>
  <testcase classname="Helpermethod.Innovationcount" name="demo" time="3.963"/>
  <system-out>
    <![CDATA[demo]]>
  </system-out>
</testsuite> <!-- Helpermethod.Innovationcount -->
