<?xml version="1.0" encoding="UTF-8"?>
<!-- Generated by org.testng.reporters.JUnitReportReporter -->
<testsuite hostname="LAPTOP-CN99618G" failures="0" tests="1" name="Shoes.BATA" time="14.843" errors="0" timestamp="2024-03-10T15:44:02 IST" skipped="0">
  <testcase classname="Shoes.BATA" name="bata" time="14.843"/>
  <system-out/>
</testsuite> <!-- Shoes.BATA -->
