<?xml version="1.0" encoding="UTF-8"?>
<!-- Generated by org.testng.reporters.JUnitReportReporter -->
<testsuite hostname="LAPTOP-CN99618G" failures="0" tests="4" name="TestNgBasic.Launch" time="38.752" errors="0" timestamp="2024-03-10T12:45:30 IST" skipped="0">
  <testcase classname="TestNgBasic.Launch" name="demo" time="6.153"/>
  <system-out>
    <![CDATA[demo]]>
  </system-out>
  <testcase classname="TestNgBasic.Launch" name="redbus" time="9.296"/>
  <system-out>
    <![CDATA[redbus]]>
  </system-out>
  <testcase classname="TestNgBasic.Launch" name="flipcart" time="16.868"/>
  <system-out>
    <![CDATA[flipcart]]>
  </system-out>
  <testcase classname="TestNgBasic.Launch" name="flipcart1" time="6.435"/>
  <system-out>
    <![CDATA[flipcart1]]>
  </system-out>
</testsuite> <!-- TestNgBasic.Launch -->
