<?xml version="1.0" encoding="UTF-8"?>
<!-- Generated by org.testng.reporters.JUnitReportReporter -->
<testsuite hostname="LAPTOP-CN99618G" failures="0" tests="5" name="Parameter.Parameterize" time="42.693" errors="0" timestamp="2024-03-16T12:22:02 IST" skipped="0">
  <testcase classname="Parameter.Parameterize" name="dws2" time="7.487"/>
  <system-out/>
  <testcase classname="Parameter.Parameterize" name="dws3" time="6.777"/>
  <system-out/>
  <testcase classname="Parameter.Parameterize" name="dws1" time="14.274"/>
  <system-out/>
  <testcase classname="Parameter.Parameterize" name="dws5" time="7.184"/>
  <system-out/>
  <testcase classname="Parameter.Parameterize" name="dws4" time="6.971"/>
  <system-out/>
</testsuite> <!-- Parameter.Parameterize -->
