<?xml version="1.0" encoding="UTF-8"?>
<!-- Generated by org.testng.reporters.JUnitReportReporter -->
<testsuite hostname="LAPTOP-CN99618G" failures="0" tests="1" name="Bike.KTM" time="11.277" errors="0" timestamp="2024-03-10T15:44:02 IST" skipped="0">
  <testcase classname="Bike.KTM" name="Ktm" time="11.277"/>
  <system-out/>
</testsuite> <!-- Bike.KTM -->
