<?xml version="1.0" encoding="UTF-8"?>
<!-- Generated by org.testng.reporters.JUnitReportReporter -->
<testsuite hostname="LAPTOP-CN99618G" failures="0" tests="1" name="Bike.Honda$Ktm$RoyalEnfield$Ducati" time="6.513" errors="0" timestamp="2024-03-10T14:57:53 IST" skipped="0">
  <testcase classname="Bike.Honda$Ktm$RoyalEnfield$Ducati" name="Ducati" time="6.513"/>
  <system-out/>
</testsuite> <!-- Bike.Honda$Ktm$RoyalEnfield$Ducati -->
