<?xml version="1.0" encoding="UTF-8"?>
<!-- Generated by org.testng.reporters.JUnitReportReporter -->
<testsuite hostname="LAPTOP-CN99618G" failures="0" tests="1" name="Helpermethod.Chronologicalorder" time="0.017" errors="0" timestamp="2024-03-10T14:38:04 IST" skipped="0">
  <testcase classname="Helpermethod.Chronologicalorder" name="Test" time="0.017"/>
  <system-out/>
</testsuite> <!-- Helpermethod.Chronologicalorder -->
