<?xml version="1.0" encoding="UTF-8"?>
<!-- Generated by org.testng.reporters.JUnitReportReporter -->
<testsuite hostname="LAPTOP-CN99618G" failures="0" tests="1" name="Parameter.Crossbrowser" time="3.861" errors="0" timestamp="2024-03-16T12:41:07 IST" skipped="0">
  <testcase classname="Parameter.Crossbrowser" name="dws2" time="3.861"/>
  <system-out/>
</testsuite> <!-- Parameter.Crossbrowser -->
